0 info it worked if it ends with ok
1 verbose cli [ '/Users/t.kaginyan/.nvm/versions/node/v4.2.6/bin/node',
1 verbose cli   '/Users/t.kaginyan/.nvm/versions/node/v4.2.6/bin/npm',
1 verbose cli   'run',
1 verbose cli   'build' ]
2 info using npm@2.14.12
3 info using node@v4.2.6
4 verbose run-script [ 'prebuild', 'build', 'postbuild' ]
5 info prebuild react-webpack-babel@0.0.1
6 info build react-webpack-babel@0.0.1
7 verbose unsafe-perm in lifecycle true
8 info react-webpack-babel@0.0.1 Failed to exec build script
9 verbose stack Error: react-webpack-babel@0.0.1 build: `webpack --config webpack.production.config.js --progress --profile --colors`
9 verbose stack Exit status 2
9 verbose stack     at EventEmitter.<anonymous> (/Users/t.kaginyan/.nvm/versions/node/v4.2.6/lib/node_modules/npm/lib/utils/lifecycle.js:214:16)
9 verbose stack     at emitTwo (events.js:87:13)
9 verbose stack     at EventEmitter.emit (events.js:172:7)
9 verbose stack     at ChildProcess.<anonymous> (/Users/t.kaginyan/.nvm/versions/node/v4.2.6/lib/node_modules/npm/lib/utils/spawn.js:24:14)
9 verbose stack     at emitTwo (events.js:87:13)
9 verbose stack     at ChildProcess.emit (events.js:172:7)
9 verbose stack     at maybeClose (internal/child_process.js:821:16)
9 verbose stack     at Process.ChildProcess._handle.onexit (internal/child_process.js:211:5)
10 verbose pkgid react-webpack-babel@0.0.1
11 verbose cwd /Users/t.kaginyan/dev/chess/src
12 error Darwin 16.6.0
13 error argv "/Users/t.kaginyan/.nvm/versions/node/v4.2.6/bin/node" "/Users/t.kaginyan/.nvm/versions/node/v4.2.6/bin/npm" "run" "build"
14 error node v4.2.6
15 error npm  v2.14.12
16 error code ELIFECYCLE
17 error react-webpack-babel@0.0.1 build: `webpack --config webpack.production.config.js --progress --profile --colors`
17 error Exit status 2
18 error Failed at the react-webpack-babel@0.0.1 build script 'webpack --config webpack.production.config.js --progress --profile --colors'.
18 error This is most likely a problem with the react-webpack-babel package,
18 error not with npm itself.
18 error Tell the author that this fails on your system:
18 error     webpack --config webpack.production.config.js --progress --profile --colors
18 error You can get their info via:
18 error     npm owner ls react-webpack-babel
18 error There is likely additional logging output above.
19 verbose exit [ 1, true ]
